Build started 6/5/2021 11:14:25 PM.
     1>Project "c:\Users\Mohamed\documents\visual studio 2013\Projects\computational_theory_project\computational_theory_project\computational_theory_project.vcxproj" on node 2 (Build target(s)).
     1>ClCompile:
         D:\Programsfile\VC\bin\CL.exe /c /ZI /nologo /W3 /WX- /sdl /Od /Oy- /D WIN32 /D _DEBUG /D _CONSOLE /D _LIB /D _UNICODE /D UNICODE /Gm /EHsc /RTC1 /MDd /GS /fp:precise /Zc:wchar_t /Zc:forScope /Fo"Debug\\" /Fd"Debug\vc120.pdb" /Gd /TP /analyze- /errorReport:prompt Source.cpp
         Source.cpp
     1>c:\users\mohamed\documents\visual studio 2013\projects\computational_theory_project\computational_theory_project\source.cpp(47): warning C4244: 'initializing' : conversion from 'double' to 'const int', possible loss of data
     1>c:\users\mohamed\documents\visual studio 2013\projects\computational_theory_project\computational_theory_project\source.cpp(48): warning C4244: 'initializing' : conversion from 'double' to 'const int', possible loss of data
     1>c:\users\mohamed\documents\visual studio 2013\projects\computational_theory_project\computational_theory_project\source.cpp(394): warning C4553: '==' : operator has no effect; did you intend '='?
     1>c:\users\mohamed\documents\visual studio 2013\projects\computational_theory_project\computational_theory_project\source.cpp(473): warning C4018: '<' : signed/unsigned mismatch
     1>c:\users\mohamed\documents\visual studio 2013\projects\computational_theory_project\computational_theory_project\source.cpp(482): warning C4018: '<' : signed/unsigned mismatch
     1>c:\users\mohamed\documents\visual studio 2013\projects\computational_theory_project\computational_theory_project\source.cpp(537): warning C4018: '<' : signed/unsigned mismatch
     1>c:\users\mohamed\documents\visual studio 2013\projects\computational_theory_project\computational_theory_project\source.cpp(550): warning C4018: '<' : signed/unsigned mismatch
     1>c:\users\mohamed\documents\visual studio 2013\projects\computational_theory_project\computational_theory_project\source.cpp(552): warning C4018: '<' : signed/unsigned mismatch
     1>c:\users\mohamed\documents\visual studio 2013\projects\computational_theory_project\computational_theory_project\source.cpp(558): warning C4018: '<' : signed/unsigned mismatch
     1>c:\users\mohamed\documents\visual studio 2013\projects\computational_theory_project\computational_theory_project\source.cpp(560): warning C4018: '<' : signed/unsigned mismatch
     1>c:\users\mohamed\documents\visual studio 2013\projects\computational_theory_project\computational_theory_project\source.cpp(635): warning C4018: '<' : signed/unsigned mismatch
     1>c:\users\mohamed\documents\visual studio 2013\projects\computational_theory_project\computational_theory_project\source.cpp(671): warning C4101: '_xtate' : unreferenced local variable
     1>c:\users\mohamed\documents\visual studio 2013\projects\computational_theory_project\computational_theory_project\source.cpp(776): warning C4129: ' ' : unrecognized character escape sequence
     1>c:\users\mohamed\documents\visual studio 2013\projects\computational_theory_project\computational_theory_project\source.cpp(779): warning C4129: ' ' : unrecognized character escape sequence
     1>c:\users\mohamed\documents\visual studio 2013\projects\computational_theory_project\computational_theory_project\source.cpp(503): warning C4715: 'check_valid' : not all control paths return a value
       Link:
         D:\Programsfile\VC\bin\link.exe /ERRORREPORT:PROMPT /OUT:"c:\users\mohamed\documents\visual studio 2013\Projects\computational_theory_project\Debug\computational_theory_project.exe" /INCREMENTAL /NOLOGO kernel32.lib user32.lib gdi32.lib winspool.lib comdlg32.lib advapi32.lib shell32.lib ole32.lib oleaut32.lib uuid.lib odbc32.lib odbccp32.lib /MANIFEST /MANIFESTUAC:"level='asInvoker' uiAccess='false'" /manifest:embed /DEBUG /PDB:"c:\users\mohamed\documents\visual studio 2013\Projects\computational_theory_project\Debug\computational_theory_project.pdb" /SUBSYSTEM:CONSOLE /TLBID:1 /DYNAMICBASE /NXCOMPAT /IMPLIB:"c:\users\mohamed\documents\visual studio 2013\Projects\computational_theory_project\Debug\computational_theory_project.lib" /MACHINE:X86 Debug\Source.obj
         computational_theory_project.vcxproj -> c:\users\mohamed\documents\visual studio 2013\Projects\computational_theory_project\Debug\computational_theory_project.exe
     1>Done Building Project "c:\Users\Mohamed\documents\visual studio 2013\Projects\computational_theory_project\computational_theory_project\computational_theory_project.vcxproj" (Build target(s)).

Build succeeded.

Time Elapsed 00:00:04.50
